I, [2017-08-10T00:28:06.440751 #11065]  INFO -- default-centos-7: -----> Cleaning up any prior instances of <default-centos-7>
I, [2017-08-10T00:28:06.441011 #11065]  INFO -- default-centos-7: -----> Destroying <default-centos-7>...
I, [2017-08-10T00:28:06.442077 #11065]  INFO -- default-centos-7: Finished destroying <default-centos-7> (0m0.00s).
I, [2017-08-10T00:28:06.442394 #11065]  INFO -- default-centos-7: -----> Testing <default-centos-7>
I, [2017-08-10T00:28:06.442615 #11065]  INFO -- default-centos-7: -----> Creating <default-centos-7>...
I, [2017-08-10T00:28:07.743817 #11065]  INFO -- default-centos-7: Bringing machine 'default' up with 'virtualbox' provider...
I, [2017-08-10T00:28:07.921821 #11065]  INFO -- default-centos-7: ==> default: Importing base box 'centos-7.1706_v0.2.0'...
I, [2017-08-10T00:28:33.046883 #11065]  INFO -- default-centos-7: [KProgress: 10%[KProgress: 20%[KProgress: 40%[KProgress: 70%[KProgress: 90%[K==> default: Matching MAC address for NAT networking...
I, [2017-08-10T00:28:33.821346 #11065]  INFO -- default-centos-7: ==> default: Setting the name of the VM: kitchen-03_kitchen-default-centos-7_default_1502342913770_28679
I, [2017-08-10T00:28:34.630251 #11065]  INFO -- default-centos-7: ==> default: Fixed port collision for 22 => 2222. Now on port 2200.
I, [2017-08-10T00:28:34.692963 #11065]  INFO -- default-centos-7: ==> default: Clearing any previously set network interfaces...
I, [2017-08-10T00:28:34.870707 #11065]  INFO -- default-centos-7: ==> default: Preparing network interfaces based on configuration...
I, [2017-08-10T00:28:34.871456 #11065]  INFO -- default-centos-7:     default: Adapter 1: nat
I, [2017-08-10T00:28:35.049966 #11065]  INFO -- default-centos-7: ==> default: Forwarding ports...
I, [2017-08-10T00:28:35.134970 #11065]  INFO -- default-centos-7:     default: 22 (guest) => 2200 (host) (adapter 1)
I, [2017-08-10T00:28:35.727236 #11065]  INFO -- default-centos-7: ==> default: Running 'pre-boot' VM customizations...
I, [2017-08-10T00:28:35.996424 #11065]  INFO -- default-centos-7: ==> default: Booting VM...
I, [2017-08-10T00:28:36.436110 #11065]  INFO -- default-centos-7: ==> default: Waiting for machine to boot. This may take a few minutes...
I, [2017-08-10T00:28:36.770729 #11065]  INFO -- default-centos-7:     default: SSH address: 127.0.0.1:2200
I, [2017-08-10T00:28:36.770881 #11065]  INFO -- default-centos-7:     default: SSH username: vagrant
I, [2017-08-10T00:28:36.771035 #11065]  INFO -- default-centos-7:     default: SSH auth method: private key
I, [2017-08-10T00:28:52.108483 #11065]  INFO -- default-centos-7:     default: Warning: Remote connection disconnect. Retrying...
I, [2017-08-10T00:28:52.274712 #11065]  INFO -- default-centos-7:     default: Warning: Connection reset. Retrying...
I, [2017-08-10T00:28:52.439462 #11065]  INFO -- default-centos-7:     default: Warning: Remote connection disconnect. Retrying...
I, [2017-08-10T00:28:55.872923 #11065]  INFO -- default-centos-7:     default: Warning: Connection reset. Retrying...
I, [2017-08-10T00:28:56.053787 #11065]  INFO -- default-centos-7:     default: Warning: Remote connection disconnect. Retrying...
I, [2017-08-10T00:28:59.450611 #11065]  INFO -- default-centos-7: ==> default: Machine booted and ready!
I, [2017-08-10T00:28:59.451816 #11065]  INFO -- default-centos-7: ==> default: Checking for guest additions in VM...
I, [2017-08-10T00:28:59.522371 #11065]  INFO -- default-centos-7: ==> default: Setting hostname...
I, [2017-08-10T00:29:03.931175 #11065]  INFO -- default-centos-7: ==> default: Machine not provisioned because `--no-provision` is specified.
I, [2017-08-10T00:29:06.206618 #11065]  INFO -- default-centos-7: [SSH] Established
I, [2017-08-10T00:29:06.207027 #11065]  INFO -- default-centos-7: Vagrant instance <default-centos-7> created.
I, [2017-08-10T00:29:06.207777 #11065]  INFO -- default-centos-7: Finished creating <default-centos-7> (0m59.76s).
I, [2017-08-10T00:29:06.228739 #11065]  INFO -- default-centos-7: -----> Converging <default-centos-7>...
I, [2017-08-10T00:29:06.229615 #11065]  INFO -- default-centos-7: Preparing files for transfer
I, [2017-08-10T00:29:06.229752 #11065]  INFO -- default-centos-7: Preparing dna.json
I, [2017-08-10T00:29:06.229999 #11065]  INFO -- default-centos-7: Preparing cookbooks from project directory
I, [2017-08-10T00:29:06.250931 #11065]  INFO -- default-centos-7: Removing non-cookbook files before transfer
I, [2017-08-10T00:29:06.252817 #11065]  INFO -- default-centos-7: Preparing solo.rb
I, [2017-08-10T00:29:06.332784 #11065]  INFO -- default-centos-7: -----> Chef Omnibus installation detected (install only if missing)
I, [2017-08-10T00:29:06.396291 #11065]  INFO -- default-centos-7: Transferring files to <default-centos-7>
I, [2017-08-10T00:29:11.713054 #11065]  INFO -- default-centos-7: Starting Chef Client, version 13.2.20
I, [2017-08-10T00:29:14.607125 #11065]  INFO -- default-centos-7: Creating a new client identity for default-centos-7 using the validator key.
I, [2017-08-10T00:29:14.799317 #11065]  INFO -- default-centos-7: resolving cookbooks for run list: ["git_cookbook::default"]
I, [2017-08-10T00:29:14.831427 #11065]  INFO -- default-centos-7: Synchronizing Cookbooks:
I, [2017-08-10T00:29:14.843146 #11065]  INFO -- default-centos-7:   - git_cookbook (0.1.0)
I, [2017-08-10T00:29:14.847423 #11065]  INFO -- default-centos-7: Installing Cookbook Gems:
I, [2017-08-10T00:29:14.847522 #11065]  INFO -- default-centos-7: Compiling Cookbooks...
I, [2017-08-10T00:29:14.852029 #11065]  INFO -- default-centos-7: Converging 1 resources
I, [2017-08-10T00:29:14.852111 #11065]  INFO -- default-centos-7: Recipe: git_cookbook::default
I, [2017-08-10T00:29:32.844056 #11065]  INFO -- default-centos-7:   * yum_package[git] action install
I, [2017-08-10T00:29:32.844155 #11065]  INFO -- default-centos-7:     - install version 1.8.3.1-6.el7_2.1 of package git
I, [2017-08-10T00:29:32.908471 #11065]  INFO -- default-centos-7: 
I, [2017-08-10T00:29:32.908565 #11065]  INFO -- default-centos-7: Running handlers:
I, [2017-08-10T00:29:32.908597 #11065]  INFO -- default-centos-7: Running handlers complete
I, [2017-08-10T00:29:32.908636 #11065]  INFO -- default-centos-7: Chef Client finished, 1/1 resources updated in 21 seconds
I, [2017-08-10T00:29:32.942105 #11065]  INFO -- default-centos-7: Finished converging <default-centos-7> (0m26.71s).
I, [2017-08-10T00:29:32.942309 #11065]  INFO -- default-centos-7: -----> Setting up <default-centos-7>...
I, [2017-08-10T00:29:32.943879 #11065]  INFO -- default-centos-7: Finished setting up <default-centos-7> (0m0.00s).
I, [2017-08-10T00:29:32.943999 #11065]  INFO -- default-centos-7: -----> Verifying <default-centos-7>...
I, [2017-08-10T00:29:33.853808 #11065]  INFO -- default-centos-7: Loaded tests from {:path=>"/home/daniel/Escritorio/ds-vagrant/centos7/03_kitchen/cookbooks/git_cookbook/test/smoke/default"} 
I, [2017-08-10T00:29:35.589911 #11065]  INFO -- default-centos-7: Finished verifying <default-centos-7> (0m2.64s).
I, [2017-08-10T00:29:35.591055 #11065]  INFO -- default-centos-7: -----> Destroying <default-centos-7>...
I, [2017-08-10T00:29:38.044650 #11065]  INFO -- default-centos-7: ==> default: Forcing shutdown of VM...
I, [2017-08-10T00:29:40.434890 #11065]  INFO -- default-centos-7: ==> default: Destroying VM and associated drives...
I, [2017-08-10T00:29:40.886862 #11065]  INFO -- default-centos-7: Vagrant instance <default-centos-7> destroyed.
I, [2017-08-10T00:29:40.887595 #11065]  INFO -- default-centos-7: Finished destroying <default-centos-7> (0m5.30s).
I, [2017-08-10T00:29:40.887799 #11065]  INFO -- default-centos-7: Finished testing <default-centos-7> (1m34.45s).
